{
  level: 'error',
  message: 'NODE_ENV is not set NODE_ENV is not set',
  stack: 'Error: NODE_ENV is not set\n' +
    '    at checkConfigSettings (/home/lamcharake/Desktop/blog-app/server/main/configs.js:4:43)\n' +
    '    at Object.<anonymous> (/home/lamcharake/Desktop/blog-app/server/index.js:7:26)\n' +
    '    at Module._compile (node:internal/modules/cjs/loader:1155:14)\n' +
    '    at Object.Module._extensions..js (node:internal/modules/cjs/loader:1209:10)\n' +
    '    at Module.load (node:internal/modules/cjs/loader:1033:32)\n' +
    '    at Function.Module._load (node:internal/modules/cjs/loader:868:12)\n' +
    '    at Function.executeUserEntryPoint [as runMain] (node:internal/modules/run_main:81:12)\n' +
    '    at node:internal/main/run_main_module:22:47',
  timestamp: '2022-11-22T16:40:43.409Z'
}
{
  _original: { email: 'lamcharake.mohammed@gamil.com', password: '12345' },
  details: [
    {
      message: '"firstName" is required',
      path: [ 'firstName' ],
      type: 'any.required',
      context: { label: 'firstName', key: 'firstName' }
    }
  ],
  level: 'error',
  message: '"firstName" is required "firstName" is required',
  stack: 'ValidationError: "firstName" is required',
  timestamp: '2022-11-22T16:41:39.706Z'
}
{
  _original: {
    firsName: 'Mohammed',
    lastName: 'LAMCHARAKE',
    email: 'lamcharake.mohammed@gamil.com',
    password: '12345'
  },
  details: [
    {
      message: '"firstName" is required',
      path: [ 'firstName' ],
      type: 'any.required',
      context: { label: 'firstName', key: 'firstName' }
    }
  ],
  level: 'error',
  message: '"firstName" is required "firstName" is required',
  stack: 'ValidationError: "firstName" is required',
  timestamp: '2022-11-22T16:41:58.444Z'
}
{
  level: 'error',
  message: 'or peers must be strings or peers must be strings',
  stack: 'Error: or peers must be strings\n' +
    '    at new module.exports (/home/lamcharake/Desktop/blog-app/server/node_modules/@hapi/hoek/lib/error.js:23:19)\n' +
    '    at module.exports (/home/lamcharake/Desktop/blog-app/server/node_modules/@hapi/hoek/lib/assert.js:21:11)\n' +
    '    at Object.internals.dependency (/home/lamcharake/Desktop/blog-app/server/node_modules/joi/lib/types/keys.js:607:9)\n' +
    '    at internals.Base.method [as or] (/home/lamcharake/Desktop/blog-app/server/node_modules/joi/lib/types/keys.js:319:34)\n' +
    '    at validate (/home/lamcharake/Desktop/blog-app/server/models/post.js:47:28)\n' +
    '    at addPost (/home/lamcharake/Desktop/blog-app/server/controllers/post.js:7:19)\n' +
    '    at newFn (/home/lamcharake/Desktop/blog-app/server/node_modules/express-async-errors/index.js:16:20)\n' +
    '    at Layer.handle [as handle_request] (/home/lamcharake/Desktop/blog-app/server/node_modules/express/lib/router/layer.js:95:5)\n' +
    '    at next (/home/lamcharake/Desktop/blog-app/server/node_modules/express/lib/router/route.js:144:13)\n' +
    '    at done (/home/lamcharake/Desktop/blog-app/server/node_modules/multer/lib/make-middleware.js:45:7)',
  timestamp: '2022-11-22T16:54:48.547Z'
}
{
  level: 'error',
  message: 'Socket closed unexpectedly Socket closed unexpectedly',
  stack: 'Error: Socket closed unexpectedly\n' +
    '    at Socket.<anonymous> (/home/lamcharake/Desktop/blog-app/server/node_modules/@redis/client/dist/lib/client/socket.js:182:118)\n' +
    '    at Object.onceWrapper (node:events:628:26)\n' +
    '    at Socket.emit (node:events:513:28)\n' +
    '    at TCP.<anonymous> (node:net:301:12)',
  timestamp: '2022-11-22T17:08:17.261Z'
}
{
  errno: -111,
  code: 'ECONNREFUSED',
  syscall: 'connect',
  address: '127.0.0.1',
  port: 6379,
  level: 'error',
  message: 'Error connecting to Redis ... connect ECONNREFUSED 127.0.0.1:6379',
  stack: 'Error: connect ECONNREFUSED 127.0.0.1:6379\n' +
    '    at TCPConnectWrap.afterConnect [as oncomplete] (node:net:1278:16)',
  timestamp: '2022-11-25T11:06:22.375Z'
}
{
  message: 'Database disconnected',
  level: 'error',
  timestamp: '2022-11-25T11:56:12.432Z'
}
{
  message: 'Database disconnected',
  level: 'error',
  timestamp: '2022-11-25T14:45:42.737Z'
}
